|--- feature_3 <= 15.84
|   |--- feature_11 <= 161.94
|   |   |--- value: [1.80]
|   |--- feature_11 >  161.94
|   |   |--- feature_3 <= 2.77
|   |   |   |--- value: [4.93]
|   |   |--- feature_3 >  2.77
|   |   |   |--- feature_20 <= 225.50
|   |   |   |   |--- value: [3.79]
|   |   |   |--- feature_20 >  225.50
|   |   |   |   |--- value: [2.41]
|--- feature_3 >  15.84
|   |--- feature_22 <= 727.67
|   |   |--- value: [1.44]
|   |--- feature_22 >  727.67
|   |   |--- feature_20 <= 494.50
|   |   |   |--- value: [2.74]
|   |   |--- feature_20 >  494.50
|   |   |   |--- feature_20 <= 696.50
|   |   |   |   |--- feature_22 <= 1050.92
|   |   |   |   |   |--- value: [1.73]
|   |   |   |   |--- feature_22 >  1050.92
|   |   |   |   |   |--- value: [2.73]
|   |   |   |--- feature_20 >  696.50
|   |   |   |   |--- feature_22 <= 1611.28
|   |   |   |   |   |--- value: [1.46]
|   |   |   |   |--- feature_22 >  1611.28
|   |   |   |   |   |--- feature_20 <= 1090.00
|   |   |   |   |   |   |--- value: [2.60]
|   |   |   |   |   |--- feature_20 >  1090.00
|   |   |   |   |   |   |--- value: [1.72]
