2022-12-04 02:01:33,089:INFO:PyCaret Supervised Module
2022-12-04 02:01:33,090:INFO:ML Usecase: clustering
2022-12-04 02:01:33,090:INFO:version 2.3.10
2022-12-04 02:01:33,090:INFO:Initializing setup()
2022-12-04 02:01:33,090:INFO:setup(target=None, ml_usecase=clustering, available_plots={'cluster': 'Cluster PCA Plot (2d)', 'tsne': 'Cluster TSnE (3d)', 'elbow': 'Elbow', 'silhouette': 'Silhouette', 'distance': 'Distance', 'distribution': 'Distribution'}, train_size=0.7, test_data=None, preprocess=True, imputation_type=simple, iterative_imputation_iters=5, categorical_features=None, categorical_imputation=mode, categorical_iterative_imputer=lightgbm, ordinal_features=None, high_cardinality_features=None, high_cardinality_method=frequency, numeric_features=None, numeric_imputation=mean, numeric_iterative_imputer=lightgbm, date_features=None, ignore_features=None, normalize=False, normalize_method=zscore, transformation=False, transformation_method=yeo-johnson, handle_unknown_categorical=True, unknown_categorical_method=least_frequent, pca=False, pca_method=linear, pca_components=None, ignore_low_variance=False, combine_rare_levels=False, rare_level_threshold=0.1, bin_numeric_features=None, remove_outliers=False, outliers_threshold=0.05, remove_multicollinearity=False, multicollinearity_threshold=0.9, remove_perfect_collinearity=False, create_clusters=False, cluster_iter=20, polynomial_features=False, polynomial_degree=2, trigonometry_features=False, polynomial_threshold=0.1, group_features=None, group_names=None, feature_selection=False, feature_selection_threshold=0.8, feature_selection_method=classic, feature_interaction=False, feature_ratio=False, interaction_threshold=0.01, fix_imbalance=False, fix_imbalance_method=None, transform_target=False, transform_target_method=box-cox, data_split_shuffle=False, data_split_stratify=False, fold_strategy=kfold, fold=10, fold_shuffle=False, fold_groups=None, n_jobs=-1, use_gpu=False, custom_pipeline=None, html=True, session_id=123, log_experiment=False, experiment_name=None, experiment_custom_tags=None, log_plots=False, log_profile=False, log_data=False, silent=False, verbose=True, profile=False, profile_kwargs=None, display=None)
2022-12-04 02:01:33,090:INFO:Checking environment
2022-12-04 02:01:33,090:INFO:python_version: 3.8.15
2022-12-04 02:01:33,090:INFO:python_build: ('default', 'Nov 24 2022 09:04:07')
2022-12-04 02:01:33,090:INFO:machine: x86_64
2022-12-04 02:01:33,090:INFO:platform: macOS-10.16-x86_64-i386-64bit
2022-12-04 02:01:33,091:INFO:Memory: svmem(total=8589934592, available=509317120, percent=94.1, used=764649472, free=67502080, active=429551616, inactive=441348096, wired=335097856)
2022-12-04 02:01:33,091:INFO:Physical Core: 8
2022-12-04 02:01:33,091:INFO:Logical Core: 8
2022-12-04 02:01:33,091:INFO:Checking libraries
2022-12-04 02:01:33,091:INFO:pd==1.5.2
2022-12-04 02:01:33,091:INFO:numpy==1.20.3
2022-12-04 02:01:33,091:INFO:sklearn==0.23.2
2022-12-04 02:01:33,092:INFO:lightgbm==3.2.1
2022-12-04 02:01:33,093:WARNING:catboost not found
2022-12-04 02:01:33,093:WARNING:xgboost not found
2022-12-04 02:01:33,093:INFO:mlflow==2.0.1
2022-12-04 02:01:33,093:INFO:Checking Exceptions
2022-12-04 02:01:33,093:INFO:Declaring global variables
2022-12-04 02:01:33,093:INFO:USI: 7d97
2022-12-04 02:01:33,093:INFO:pycaret_globals: {'stratify_param', 'target_param', 'iterative_imputation_iters_param', 'fix_imbalance_param', 'USI', '_all_metrics', 'exp_name_log', 'seed', 'display_container', 'fold_groups_param', 'fold_groups_param_full', '_internal_pipeline', '_all_models', 'html_param', 'imputation_classifier', '_all_models_internal', 'data_before_preprocess', '_gpu_n_jobs_param', 'prep_pipe', 'gpu_param', 'pycaret_globals', 'fold_shuffle_param', 'fold_generator', 'logging_param', '_ml_usecase', 'create_model_container', 'transform_target_param', '_available_plots', 'n_jobs_param', 'dashboard_logger', 'imputation_regressor', 'fold_param', 'master_model_container', 'experiment__', 'X', 'log_plots_param', 'fix_imbalance_method_param', 'transform_target_method_param'}
2022-12-04 02:01:33,093:INFO:Preparing display monitor
2022-12-04 02:01:33,094:INFO:Preparing display monitor
2022-12-04 02:01:33,104:INFO:Importing libraries
2022-12-04 02:01:33,104:INFO:Copying data for preprocessing
2022-12-04 02:01:33,111:INFO:Declaring preprocessing parameters
2022-12-04 02:01:33,114:INFO:Creating preprocessing pipeline
2022-12-04 02:01:33,126:INFO:Preprocessing pipeline created successfully
2022-12-04 02:01:33,127:ERROR:(Process Exit): setup has been interupted with user command 'quit'. setup must rerun.
2022-12-04 02:01:33,127:INFO:Creating global containers
2022-12-04 02:01:33,129:INFO:Internal pipeline: Pipeline(memory=None, steps=[('empty_step', 'passthrough')], verbose=False)
2022-12-04 02:01:52,642:INFO:Creating grid variables
2022-12-04 02:01:52,651:INFO:create_model_container: 0
2022-12-04 02:01:52,651:INFO:master_model_container: 0
2022-12-04 02:01:52,651:INFO:display_container: 1
2022-12-04 02:01:52,654:INFO:Pipeline(memory=None,
         steps=[('dtypes',
                 DataTypes_Auto_infer(categorical_features=[],
                                      display_types=True, features_todrop=[],
                                      id_columns=[], ml_usecase='regression',
                                      numerical_features=[],
                                      target='UNSUPERVISED_DUMMY_TARGET',
                                      time_features=[])),
                ('imputer',
                 Simple_Imputer(categorical_strategy='most frequent',
                                fill_value_categorical=None,
                                fill_value_numerical=None...
                ('scaling', 'passthrough'), ('P_transform', 'passthrough'),
                ('binn', 'passthrough'), ('rem_outliers', 'passthrough'),
                ('cluster_all', 'passthrough'),
                ('dummy', Dummify(target='UNSUPERVISED_DUMMY_TARGET')),
                ('fix_perfect', 'passthrough'),
                ('clean_names', Clean_Colum_Names()),
                ('feature_select', 'passthrough'), ('fix_multi', 'passthrough'),
                ('dfs', 'passthrough'), ('pca', 'passthrough')],
         verbose=False)
2022-12-04 02:01:52,654:INFO:setup() succesfully completed......................................
2022-12-04 02:01:58,733:INFO:Initializing create_model()
2022-12-04 02:01:58,734:INFO:create_model(estimator=dt, num_clusters=4, fraction=0.05, ground_truth=None, round=4, fit_kwargs=None, verbose=True, system=True, add_to_model_list=True, raise_num_clusters=False, experiment_custom_tags=None, display=None, kwargs={})
2022-12-04 02:01:58,734:INFO:Checking exceptions
2022-12-04 02:02:40,003:INFO:Initializing compare_models()
2022-12-04 02:02:40,005:INFO:compare_models(include=None, fold=None, round=4, cross_validation=True, sort=Accuracy, n_select=1, budget_time=None, turbo=True, errors=ignore, fit_kwargs=None, groups=None, experiment_custom_tags=None, probability_threshold=None, verbose=True, display=None, exclude=None)
2022-12-04 02:02:40,005:INFO:Checking exceptions
